[begin]------------------------=
[2013/10/22 11:44:19] [articles_controller.rb: 42]
genre=soci
File size=0------------------------=[end]

[begin]------------------------=
[2013/10/22 11:45:08] [articles_controller.rb: 42]
genre=soci
File size=143------------------------=[end]

[begin]------------------------=
[2013/10/22 11:45:09] [articles_controller.rb: 236]
vendor_list.size=0/a_tags_href.size=75
File size=288------------------------=[end]

[begin]------------------------=
[2013/10/22 11:45:35] [articles_controller.rb: 42]
genre=soci
File size=462------------------------=[end]

[begin]------------------------=
[2013/10/22 11:45:36] [articles_controller.rb: 236]
vendor_list.size=0/a_tags_href.size=75
File size=607------------------------=[end]

[begin]------------------------=
[2013/10/22 11:45:37] [articles_controller.rb: 42]
genre=soci
File size=781------------------------=[end]

[begin]------------------------=
[2013/10/22 11:45:38] [articles_controller.rb: 236]
vendor_list.size=0/a_tags_href.size=75
File size=926------------------------=[end]

[begin]------------------------=
[2013/10/22 11:54:10] [articles_controller.rb: 42]
genre=soci
File size=1100------------------------=[end]

[begin]------------------------=
[2013/10/22 11:54:11] [articles_controller.rb: 236]
vendor_list.size=0/a_tags_href.size=75
File size=1246------------------------=[end]

[begin]------------------------=
[2013/10/22 11:56:35] [articles_controller.rb: 42]
genre=soci
File size=1421------------------------=[end]

[begin]------------------------=
[2013/10/22 11:56:36] [articles_controller.rb: 236]
vendor_list.size=0/a_tags_href.size=75
File size=1567------------------------=[end]

[begin]------------------------=
[2013/10/22 11:58:50] [articles_controller.rb: 42]
genre=soci
File size=1742------------------------=[end]

[begin]------------------------=
[2013/10/22 11:58:51] [articles_controller.rb: 236]
vendor_list.size=0/a_tags_href.size=75
File size=1888------------------------=[end]

[begin]------------------------=
[2013/10/22 12:06:12] [articles_controller.rb: 42]
genre=soci
File size=2063------------------------=[end]

[begin]------------------------=
[2013/10/22 12:06:13] [articles_controller.rb: 238]
vendor_list.size=0/a_tags_href.size=75
File size=2209------------------------=[end]

[begin]------------------------=
[2013/10/22 12:07:45] [articles_controller.rb: 42]
genre=soci
File size=2384------------------------=[end]

[begin]------------------------=
[2013/10/22 12:07:46] [articles_controller.rb: 238]
vendor_list.size=0/a_tags_href.size=75
File size=2530------------------------=[end]

[begin]------------------------=
[2013/10/22 12:09:51] [articles_controller.rb: 42]
genre=soci
File size=2705------------------------=[end]

[begin]------------------------=
[2013/10/22 12:09:51] [articles_controller.rb: 238]
vendor_list.size=0/a_tags_href.size=75
File size=2851------------------------=[end]

[begin]------------------------=
[2013/10/22 12:11:58] [articles_controller.rb: 42]
genre=soci
File size=3026------------------------=[end]

[begin]------------------------=
[2013/10/22 12:11:59] [articles_controller.rb: 238]
vendor_list.size=0/a_tags_href.size=75
File size=3172------------------------=[end]

[begin]------------------------=
[2013/10/22 12:12:27] [articles_controller.rb: 42]
genre=soci
File size=3347------------------------=[end]

[begin]------------------------=
[2013/10/22 12:12:28] [articles_controller.rb: 238]
vendor_list.size=0/a_tags_href.size=75
File size=3493------------------------=[end]

[begin]------------------------=
[2013/10/22 12:17:28] [articles_controller.rb: 42]
genre=soci
File size=3668------------------------=[end]

[begin]------------------------=
[2013/10/22 12:17:29] [articles_controller.rb: 238]
vendor_list.size=0/a_tags_href.size=75
File size=3814------------------------=[end]

[begin]------------------------=
[2013/10/22 12:17:43] [articles_controller.rb: 42]
genre=soci
File size=3989------------------------=[end]

[begin]------------------------=
[2013/10/22 12:17:44] [articles_controller.rb: 238]
vendor_list.size=0/a_tags_href.size=75
File size=4135------------------------=[end]

[begin]------------------------=
[2013/10/22 12:17:52] [articles_controller.rb: 42]
genre=soci
File size=4310------------------------=[end]

[begin]------------------------=
[2013/10/22 12:17:53] [articles_controller.rb: 238]
vendor_list.size=0/a_tags_href.size=75
File size=4456------------------------=[end]

[begin]------------------------=
[2013/10/22 12:19:17] [articles_controller.rb: 42]
genre=soci
File size=4631------------------------=[end]

[begin]------------------------=
[2013/10/22 12:19:18] [articles_controller.rb: 238]
vendor_list.size=0/a_tags_href.size=75
File size=4777------------------------=[end]

[begin]------------------------=
[2013/10/22 12:19:59] [articles_controller.rb: 42]
genre=soci
File size=4952------------------------=[end]

[begin]------------------------=
[2013/10/22 12:20:00] [articles_controller.rb: 238]
vendor_list.size=0/a_tags_href.size=75
File size=5098------------------------=[end]

[begin]------------------------=
[2013/10/22 12:24:20] [articles_controller.rb: 42]
genre=soci
File size=5273------------------------=[end]

[begin]------------------------=
[2013/10/22 12:24:21] [articles_controller.rb: 238]
vendor_list.size=0/a_tags_href.size=75
File size=5419------------------------=[end]

[begin]------------------------=
[2013/10/22 12:25:04] [articles_controller.rb: 42]
genre=soci
File size=5594------------------------=[end]

[begin]------------------------=
[2013/10/22 12:25:05] [articles_controller.rb: 238]
vendor_list.size=0/a_tags_href.size=75
File size=5740------------------------=[end]

[begin]------------------------=
[2013/10/22 12:25:17] [articles_controller.rb: 42]
genre=soci
File size=5915------------------------=[end]

[begin]------------------------=
[2013/10/22 12:25:18] [articles_controller.rb: 238]
vendor_list.size=0/a_tags_href.size=75
File size=6061------------------------=[end]

[begin]------------------------=
[2013/10/22 12:25:36] [articles_controller.rb: 42]
genre=soci
File size=6236------------------------=[end]

[begin]------------------------=
[2013/10/22 12:25:37] [articles_controller.rb: 238]
vendor_list.size=0/a_tags_href.size=75
File size=6382------------------------=[end]

[begin]------------------------=
[2013/10/22 12:29:14] [articles_controller.rb: 42]
genre=soci
File size=6557------------------------=[end]

[begin]------------------------=
[2013/10/22 12:29:14] [articles_controller.rb: 238]
vendor_list.size=0/a_tags_href.size=75
File size=6703------------------------=[end]

[begin]------------------------=
[2013/10/22 12:36:11] [articles_controller.rb: 42]
genre=soci
File size=6878------------------------=[end]

[begin]------------------------=
[2013/10/22 12:36:12] [articles_controller.rb: 238]
vendor_list.size=0/a_tags_href.size=75
File size=7024------------------------=[end]

[begin]------------------------=
[2013/10/22 12:42:47] [articles_controller.rb: 42]
genre=soci
File size=7199------------------------=[end]

[begin]------------------------=
[2013/10/22 12:42:48] [articles_controller.rb: 238]
vendor_list.size=0/a_tags_href.size=75
File size=7345------------------------=[end]

[begin]------------------------=
[2013/10/22 12:44:51] [articles_controller.rb: 42]
genre=soci
File size=7520------------------------=[end]

[begin]------------------------=
[2013/10/22 12:44:52] [articles_controller.rb: 238]
vendor_list.size=0/a_tags_href.size=75
File size=7666------------------------=[end]

[begin]------------------------=
[2013/10/22 23:25:32] [articles_controller.rb: 42]
genre=soci
File size=7841------------------------=[end]

[begin]------------------------=
[2013/10/22 23:27:06] [articles_controller.rb: 42]
genre=soci
File size=7987------------------------=[end]

[begin]------------------------=
[2013/10/22 23:27:07] [articles_controller.rb: 243]
vendor_list.size=0/a_tags_href.size=75
File size=8133------------------------=[end]

[begin]------------------------=
[2013/10/22 23:28:50] [articles_controller.rb: 42]
genre=soci
File size=8308------------------------=[end]

[begin]------------------------=
[2013/10/22 23:28:51] [articles_controller.rb: 243]
vendor_list.size=0/a_tags_href.size=75
File size=8454------------------------=[end]

[begin]------------------------=
[2013/10/22 23:29:49] [articles_controller.rb: 42]
genre=soci
File size=8629------------------------=[end]

[begin]------------------------=
[2013/10/22 23:29:50] [articles_controller.rb: 243]
vendor_list.size=0/a_tags_href.size=75
File size=8775------------------------=[end]

[begin]------------------------=
[2013/10/22 23:32:58] [articles_controller.rb: 42]
genre=soci
File size=8950------------------------=[end]

[begin]------------------------=
[2013/10/22 23:32:59] [articles_controller.rb: 243]
vendor_list.size=0/a_tags_href.size=75
File size=9096------------------------=[end]

[begin]------------------------=
[2013/10/22 23:38:34] [articles_controller.rb: 42]
genre=soci
File size=9271------------------------=[end]

[begin]------------------------=
[2013/10/22 23:38:35] [articles_controller.rb: 243]
vendor_list.size=0/a_tags_href.size=75
File size=9417------------------------=[end]

[begin]------------------------=
[2013/10/22 23:40:17] [articles_controller.rb: 42]
genre=soci
File size=9592------------------------=[end]

[begin]------------------------=
[2013/10/22 23:40:18] [articles_controller.rb: 243]
vendor_list.size=0/a_tags_href.size=75
File size=9738------------------------=[end]

[begin]------------------------=
[2013/10/22 23:41:02] [articles_controller.rb: 42]
genre=soci
File size=9913------------------------=[end]

[begin]------------------------=
[2013/10/22 23:41:03] [articles_controller.rb: 243]
vendor_list.size=0/a_tags_href.size=75
File size=10059------------------------=[end]

[begin]------------------------=
[2013/10/22 23:41:47] [articles_controller.rb: 42]
genre=soci
File size=10235------------------------=[end]

[begin]------------------------=
[2013/10/22 23:41:48] [articles_controller.rb: 243]
vendor_list.size=0/a_tags_href.size=75
File size=10382------------------------=[end]

[begin]------------------------=
[2013/10/22 23:42:02] [articles_controller.rb: 42]
genre=soci
File size=10558------------------------=[end]

[begin]------------------------=
[2013/10/22 23:42:03] [articles_controller.rb: 243]
vendor_list.size=0/a_tags_href.size=75
File size=10705------------------------=[end]

[begin]------------------------=
[2013/10/22 23:42:19] [articles_controller.rb: 42]
genre=soci
File size=10881------------------------=[end]

[begin]------------------------=
[2013/10/22 23:42:20] [articles_controller.rb: 243]
vendor_list.size=0/a_tags_href.size=75
File size=11028------------------------=[end]

[begin]------------------------=
[2013/10/22 23:42:35] [articles_controller.rb: 42]
genre=soci
File size=11204------------------------=[end]

[begin]------------------------=
[2013/10/22 23:42:37] [articles_controller.rb: 243]
vendor_list.size=0/a_tags_href.size=75
File size=11351------------------------=[end]

[begin]------------------------=
[2013/10/22 23:43:07] [articles_controller.rb: 42]
genre=soci
File size=11527------------------------=[end]

[begin]------------------------=
[2013/10/22 23:43:08] [articles_controller.rb: 243]
vendor_list.size=0/a_tags_href.size=75
File size=11674------------------------=[end]

[begin]------------------------=
[2013/10/22 23:43:20] [articles_controller.rb: 42]
genre=soci
File size=11850------------------------=[end]

[begin]------------------------=
[2013/10/22 23:43:21] [articles_controller.rb: 243]
vendor_list.size=0/a_tags_href.size=75
File size=11997------------------------=[end]

[begin]------------------------=
[2013/10/22 23:43:34] [articles_controller.rb: 42]
genre=soci
File size=12173------------------------=[end]

[begin]------------------------=
[2013/10/22 23:43:35] [articles_controller.rb: 243]
vendor_list.size=0/a_tags_href.size=75
File size=12320------------------------=[end]

[begin]------------------------=
[2013/10/23 08:53:40] [articles_controller.rb: 42]
genre=soci
File size=12496------------------------=[end]

[begin]------------------------=
[2013/10/23 08:53:41] [articles_controller.rb: 243]
vendor_list.size=0/a_tags_href.size=75
File size=12643------------------------=[end]

[begin]------------------------=
[2013/10/23 08:57:59] [articles_controller.rb: 42]
genre=soci
File size=12819------------------------=[end]

[begin]------------------------=
[2013/10/23 08:58:00] [articles_controller.rb: 243]
vendor_list.size=0/a_tags_href.size=75
File size=12966------------------------=[end]

[begin]------------------------=
[2013/10/23 09:01:35] [articles_controller.rb: 42]
genre=soci
File size=13142------------------------=[end]

[begin]------------------------=
[2013/10/23 09:01:36] [articles_controller.rb: 243]
vendor_list.size=0/a_tags_href.size=75
File size=13289------------------------=[end]

[begin]------------------------=
[2013/10/23 09:02:00] [articles_controller.rb: 42]
genre=soci
File size=13465------------------------=[end]

[begin]------------------------=
[2013/10/23 09:02:01] [articles_controller.rb: 243]
vendor_list.size=0/a_tags_href.size=75
File size=13612------------------------=[end]

[begin]------------------------=
[2013/10/23 09:03:16] [articles_controller.rb: 42]
genre=soci
File size=13788------------------------=[end]

[begin]------------------------=
[2013/10/23 09:03:17] [articles_controller.rb: 243]
vendor_list.size=0/a_tags_href.size=75
File size=13935------------------------=[end]

[begin]------------------------=
[2013/10/23 09:03:29] [articles_controller.rb: 42]
genre=soci
File size=14111------------------------=[end]

[begin]------------------------=
[2013/10/23 09:03:29] [articles_controller.rb: 243]
vendor_list.size=0/a_tags_href.size=75
File size=14258------------------------=[end]

[begin]------------------------=
[2013/10/23 09:04:47] [articles_controller.rb: 42]
genre=soci
File size=14434------------------------=[end]

[begin]------------------------=
[2013/10/23 09:04:48] [articles_controller.rb: 243]
vendor_list.size=0/a_tags_href.size=75
File size=14581------------------------=[end]

[begin]------------------------=
[2013/10/23 09:13:36] [articles_controller.rb: 42]
genre=soci
File size=14757------------------------=[end]

[begin]------------------------=
[2013/10/23 09:13:37] [articles_controller.rb: 243]
vendor_list.size=0/a_tags_href.size=75
File size=14904------------------------=[end]

[begin]------------------------=
[2013/10/23 09:13:56] [articles_controller.rb: 42]
genre=soci
File size=15080------------------------=[end]

[begin]------------------------=
[2013/10/23 09:13:57] [articles_controller.rb: 243]
vendor_list.size=0/a_tags_href.size=75
File size=15227------------------------=[end]

[begin]------------------------=
[2013/10/23 09:14:15] [articles_controller.rb: 42]
genre=soci
File size=15403------------------------=[end]

[begin]------------------------=
[2013/10/23 09:14:16] [articles_controller.rb: 243]
vendor_list.size=0/a_tags_href.size=75
File size=15550------------------------=[end]

[begin]------------------------=
[2013/10/23 09:15:14] [articles_controller.rb: 42]
genre=soci
File size=15726------------------------=[end]

[begin]------------------------=
[2013/10/23 09:15:15] [articles_controller.rb: 243]
vendor_list.size=0/a_tags_href.size=75
File size=15873------------------------=[end]

[begin]------------------------=
[2013/10/23 09:16:14] [articles_controller.rb: 42]
genre=soci
File size=16049------------------------=[end]

[begin]------------------------=
[2013/10/23 09:16:15] [articles_controller.rb: 243]
vendor_list.size=0/a_tags_href.size=75
File size=16196------------------------=[end]

[begin]------------------------=
[2013/10/24 08:08:18] [C:/WORKS/WS/WS_Android_20130929_122122/JQM-1/app/controllers/articles_controller.rb: 289]
genre => soci
File size=16372------------------------=[end]

[begin]------------------------=
[2013/10/24 08:08:18] [articles_controller.rb: 42]
genre=soci
File size=16584------------------------=[end]

[begin]------------------------=
[2013/10/24 08:08:19] [articles_controller.rb: 237]
vendor_list.size=0/a_tags_href.size=75
File size=16731------------------------=[end]

[begin]------------------------=
[2013/10/24 08:10:26] [C:/WORKS/WS/WS_Android_20130929_122122/JQM-1/app/controllers/articles_controller.rb: 289]
genre => soci
File size=16907------------------------=[end]

[begin]------------------------=
[2013/10/24 08:10:26] [articles_controller.rb: 42]
genre=soci
File size=17119------------------------=[end]

[begin]------------------------=
[2013/10/24 08:10:26] [articles_controller.rb: 237]
vendor_list.size=0/a_tags_href.size=75
File size=17266------------------------=[end]

[begin]------------------------=
[2013/10/24 08:24:06] [C:/WORKS/WS/WS_Android_20130929_122122/JQM-1/app/controllers/articles_controller.rb: 289]
genre => soci
File size=17442------------------------=[end]

[begin]------------------------=
[2013/10/24 08:24:06] [articles_controller.rb: 42]
genre=soci
File size=17654------------------------=[end]

[begin]------------------------=
[2013/10/24 08:24:06] [articles_controller.rb: 237]
vendor_list.size=0/a_tags_href.size=75
File size=17801------------------------=[end]

[begin]------------------------=
[2013/10/24 08:24:36] [C:/WORKS/WS/WS_Android_20130929_122122/JQM-1/app/controllers/articles_controller.rb: 289]
genre => soci
File size=17977------------------------=[end]

[begin]------------------------=
[2013/10/24 08:24:36] [articles_controller.rb: 42]
genre=soci
File size=18189------------------------=[end]

[begin]------------------------=
[2013/10/24 08:24:37] [articles_controller.rb: 237]
vendor_list.size=0/a_tags_href.size=75
File size=18336------------------------=[end]

[begin]------------------------=
[2013/10/24 08:24:56] [C:/WORKS/WS/WS_Android_20130929_122122/JQM-1/app/controllers/articles_controller.rb: 289]
genre => soci
File size=18512------------------------=[end]

[begin]------------------------=
[2013/10/24 08:24:56] [articles_controller.rb: 42]
genre=soci
File size=18724------------------------=[end]

[begin]------------------------=
[2013/10/24 08:24:57] [articles_controller.rb: 237]
vendor_list.size=0/a_tags_href.size=75
File size=18871------------------------=[end]

[begin]------------------------=
[2013/10/24 08:25:07] [C:/WORKS/WS/WS_Android_20130929_122122/JQM-1/app/controllers/articles_controller.rb: 289]
genre => soci
File size=19047------------------------=[end]

[begin]------------------------=
[2013/10/24 08:25:07] [articles_controller.rb: 42]
genre=soci
File size=19259------------------------=[end]

[begin]------------------------=
[2013/10/24 08:25:07] [articles_controller.rb: 237]
vendor_list.size=0/a_tags_href.size=75
File size=19406------------------------=[end]

[begin]------------------------=
[2013/10/24 08:31:43] [C:/WORKS/WS/WS_Android_20130929_122122/JQM-1/app/controllers/articles_controller.rb: 289]
genre => soci
File size=19582------------------------=[end]

[begin]------------------------=
[2013/10/24 08:31:43] [articles_controller.rb: 42]
genre=soci
File size=19794------------------------=[end]

[begin]------------------------=
[2013/10/24 08:31:43] [articles_controller.rb: 237]
vendor_list.size=0/a_tags_href.size=75
File size=19941------------------------=[end]

[begin]------------------------=
[2013/10/24 08:48:05] [C:/WORKS/WS/WS_Android_20130929_122122/JQM-1/app/controllers/articles_controller.rb: 294]
genre => soci
File size=20117------------------------=[end]

[begin]------------------------=
[2013/10/24 08:48:05] [articles_controller.rb: 47]
genre=soci
File size=20329------------------------=[end]

[begin]------------------------=
[2013/10/24 08:48:06] [articles_controller.rb: 242]
vendor_list.size=0/a_tags_href.size=75
File size=20476------------------------=[end]

[begin]------------------------=
[2013/10/24 08:51:07] [C:/WORKS/WS/WS_Android_20130929_122122/JQM-1/app/controllers/articles_controller.rb: 294]
genre => soci
File size=20652------------------------=[end]

[begin]------------------------=
[2013/10/24 08:51:07] [articles_controller.rb: 47]
genre=soci
File size=20864------------------------=[end]

[begin]------------------------=
[2013/10/24 08:51:08] [articles_controller.rb: 242]
vendor_list.size=0/a_tags_href.size=75
File size=21011------------------------=[end]

[begin]------------------------=
[2013/10/24 08:51:40] [C:/WORKS/WS/WS_Android_20130929_122122/JQM-1/app/controllers/articles_controller.rb: 294]
genre => soci
File size=21187------------------------=[end]

[begin]------------------------=
[2013/10/24 08:51:40] [articles_controller.rb: 47]
genre=soci
File size=21399------------------------=[end]

[begin]------------------------=
[2013/10/24 08:51:41] [articles_controller.rb: 242]
vendor_list.size=0/a_tags_href.size=75
File size=21546------------------------=[end]

[begin]------------------------=
[2013/10/24 08:52:48] [C:/WORKS/WS/WS_Android_20130929_122122/JQM-1/app/controllers/articles_controller.rb: 294]
genre => soci
File size=21722------------------------=[end]

[begin]------------------------=
[2013/10/24 08:52:48] [articles_controller.rb: 47]
genre=soci
File size=21934------------------------=[end]

[begin]------------------------=
[2013/10/24 08:52:49] [articles_controller.rb: 242]
vendor_list.size=0/a_tags_href.size=75
File size=22081------------------------=[end]

[begin]------------------------=
[2013/10/24 08:52:58] [C:/WORKS/WS/WS_Android_20130929_122122/JQM-1/app/controllers/articles_controller.rb: 294]
genre => soci
File size=22257------------------------=[end]

[begin]------------------------=
[2013/10/24 08:52:58] [articles_controller.rb: 47]
genre=soci
File size=22469------------------------=[end]

[begin]------------------------=
[2013/10/24 08:52:59] [articles_controller.rb: 242]
vendor_list.size=0/a_tags_href.size=75
File size=22616------------------------=[end]

[begin]------------------------=
[2013/10/24 08:56:08] [C:/WORKS/WS/WS_Android_20130929_122122/JQM-1/app/controllers/articles_controller.rb: 294]
genre => soci
File size=22792------------------------=[end]

[begin]------------------------=
[2013/10/24 08:56:08] [articles_controller.rb: 47]
genre=soci
File size=23004------------------------=[end]

[begin]------------------------=
[2013/10/24 08:56:09] [articles_controller.rb: 242]
vendor_list.size=0/a_tags_href.size=75
File size=23151------------------------=[end]

[begin]------------------------=
[2013/10/24 08:56:34] [C:/WORKS/WS/WS_Android_20130929_122122/JQM-1/app/controllers/articles_controller.rb: 285]
genre => int
File size=23327------------------------=[end]

[begin]------------------------=
[2013/10/24 08:56:34] [articles_controller.rb: 47]
genre=int
File size=23538------------------------=[end]

[begin]------------------------=
[2013/10/24 08:56:34] [articles_controller.rb: 242]
vendor_list.size=0/a_tags_href.size=75
File size=23684------------------------=[end]

[begin]------------------------=
[2013/10/24 08:56:41] [C:/WORKS/WS/WS_Android_20130929_122122/JQM-1/app/controllers/articles_controller.rb: 285]
genre => bus_all
File size=23860------------------------=[end]

[begin]------------------------=
[2013/10/24 08:56:41] [articles_controller.rb: 47]
genre=bus_all
File size=24075------------------------=[end]

[begin]------------------------=
[2013/10/24 08:56:42] [articles_controller.rb: 242]
vendor_list.size=0/a_tags_href.size=75
File size=24225------------------------=[end]

[begin]------------------------=
[2013/10/24 08:57:34] [C:/WORKS/WS/WS_Android_20130929_122122/JQM-1/app/controllers/articles_controller.rb: 285]
genre => bus_all
File size=24401------------------------=[end]

[begin]------------------------=
[2013/10/24 08:57:34] [articles_controller.rb: 47]
genre=bus_all
File size=24616------------------------=[end]

[begin]------------------------=
[2013/10/24 08:57:35] [articles_controller.rb: 242]
vendor_list.size=0/a_tags_href.size=75
File size=24766------------------------=[end]

[begin]------------------------=
[2013/10/25 13:21:04] [C:/WORKS/WS/WS_Android_20130929_122122/JQM-1/app/controllers/articles_controller.rb: 310]
genre => soci
File size=24942------------------------=[end]

[begin]------------------------=
[2013/10/25 13:21:04] [articles_controller.rb: 47]
genre=soci
File size=25154------------------------=[end]

[begin]------------------------=
[2013/10/25 13:21:05] [articles_controller.rb: 250]
vendor_list.size=0/a_tags_href.size=75
File size=25301------------------------=[end]

[begin]------------------------=
[2013/10/25 21:32:53] [C:/WORKS/WS/WS_Android_20130929_122122/JQM-1/app/controllers/articles_controller.rb: 361]
genre => soci
File size=25477------------------------=[end]

[begin]------------------------=
[2013/10/25 21:32:53] [articles_controller.rb: 47]
genre=soci
File size=25689------------------------=[end]

[begin]------------------------=
[2013/10/25 21:32:55] [articles_controller.rb: 250]
vendor_list.size=0/a_tags_href.size=75
File size=25836------------------------=[end]

[begin]------------------------=
[2013/10/25 21:33:06] [C:/WORKS/WS/WS_Android_20130929_122122/JQM-1/app/controllers/articles_controller.rb: 352]
genre => int
File size=26012------------------------=[end]

[begin]------------------------=
[2013/10/25 21:33:06] [articles_controller.rb: 47]
genre=int
File size=26223------------------------=[end]

[begin]------------------------=
[2013/10/25 21:33:07] [articles_controller.rb: 250]
vendor_list.size=0/a_tags_href.size=75
File size=26369------------------------=[end]

[begin]------------------------=
[2013/10/25 22:02:36] [C:/WORKS/WS/WS_Android_20130929_122122/JQM-1/app/controllers/articles_controller.rb: 371]
genre => int
File size=26545------------------------=[end]

[begin]------------------------=
[2013/10/25 22:02:36] [articles_controller.rb: 47]
genre=int
File size=26756------------------------=[end]

[begin]------------------------=
[2013/10/25 22:02:37] [articles_controller.rb: 255]
vendor_list.size=0/a_tags_href.size=75
File size=26902------------------------=[end]

[begin]------------------------=
[2013/10/25 22:06:02] [C:/WORKS/WS/WS_Android_20130929_122122/JQM-1/app/controllers/articles_controller.rb: 372]
genre => int
File size=27078------------------------=[end]

[begin]------------------------=
[2013/10/25 22:06:02] [articles_controller.rb: 47]
genre=int
File size=27289------------------------=[end]

[begin]------------------------=
[2013/10/25 22:06:03] [articles_controller.rb: 256]
vendor_list.size=0/a_tags_href.size=75
File size=27435------------------------=[end]

[begin]------------------------=
[2013/10/25 22:11:01] [C:/WORKS/WS/WS_Android_20130929_122122/JQM-1/app/controllers/articles_controller.rb: 367]
genre => int
File size=27611------------------------=[end]

[begin]------------------------=
[2013/10/25 22:11:01] [articles_controller.rb: 47]
genre=int
File size=27822------------------------=[end]

[begin]------------------------=
[2013/10/25 22:11:02] [articles_controller.rb: 257]
vendor_list.size=0/a_tags_href.size=75
File size=27968------------------------=[end]

[begin]------------------------=
[2013/10/25 22:18:54] [C:/WORKS/WS/WS_Android_20130929_122122/JQM-1/app/controllers/articles_controller.rb: 374]
genre => int
File size=28144------------------------=[end]

[begin]------------------------=
[2013/10/25 22:18:54] [articles_controller.rb: 47]
genre=int
File size=28355------------------------=[end]

[begin]------------------------=
[2013/10/25 22:18:55] [articles_controller.rb: 264]
vendor_list.size=0/a_tags_href.size=75
File size=28501------------------------=[end]

[begin]------------------------=
[2013/10/25 22:19:28] [C:/WORKS/WS/WS_Android_20130929_122122/JQM-1/app/controllers/articles_controller.rb: 374]
genre => int
File size=28677------------------------=[end]

[begin]------------------------=
[2013/10/25 22:19:28] [articles_controller.rb: 47]
genre=int
File size=28888------------------------=[end]

[begin]------------------------=
[2013/10/25 22:19:28] [articles_controller.rb: 264]
vendor_list.size=0/a_tags_href.size=75
File size=29034------------------------=[end]

[begin]------------------------=
[2013/10/25 22:21:45] [C:/WORKS/WS/WS_Android_20130929_122122/JQM-1/app/controllers/articles_controller.rb: 374]
genre => int
File size=29210------------------------=[end]

[begin]------------------------=
[2013/10/25 22:21:45] [articles_controller.rb: 47]
genre=int
File size=29421------------------------=[end]

[begin]------------------------=
[2013/10/25 22:21:46] [articles_controller.rb: 264]
vendor_list.size=0/a_tags_href.size=75
File size=29567------------------------=[end]

[begin]------------------------=
[2013/10/25 22:21:58] [C:/WORKS/WS/WS_Android_20130929_122122/JQM-1/app/controllers/articles_controller.rb: 374]
genre => int
File size=29743------------------------=[end]

[begin]------------------------=
[2013/10/25 22:21:58] [articles_controller.rb: 47]
genre=int
File size=29954------------------------=[end]

[begin]------------------------=
[2013/10/25 22:21:59] [articles_controller.rb: 264]
vendor_list.size=0/a_tags_href.size=75
File size=30100------------------------=[end]

[begin]------------------------=
[2013/10/25 22:22:22] [C:/WORKS/WS/WS_Android_20130929_122122/JQM-1/app/controllers/articles_controller.rb: 374]
genre => int
File size=30276------------------------=[end]

[begin]------------------------=
[2013/10/25 22:22:22] [articles_controller.rb: 47]
genre=int
File size=30487------------------------=[end]

[begin]------------------------=
[2013/10/25 22:22:23] [articles_controller.rb: 264]
vendor_list.size=0/a_tags_href.size=75
File size=30633------------------------=[end]

[begin]------------------------=
[2013/10/25 22:24:28] [C:/WORKS/WS/WS_Android_20130929_122122/JQM-1/app/controllers/articles_controller.rb: 374]
genre => int
File size=30809------------------------=[end]

[begin]------------------------=
[2013/10/25 22:24:28] [articles_controller.rb: 47]
genre=int
File size=31020------------------------=[end]

[begin]------------------------=
[2013/10/25 22:24:29] [articles_controller.rb: 264]
vendor_list.size=0/a_tags_href.size=75
File size=31166------------------------=[end]

[begin]------------------------=
[2013/10/25 22:25:43] [C:/WORKS/WS/WS_Android_20130929_122122/JQM-1/app/controllers/articles_controller.rb: 374]
genre => int
File size=31342------------------------=[end]

[begin]------------------------=
[2013/10/25 22:25:43] [articles_controller.rb: 47]
genre=int
File size=31553------------------------=[end]

[begin]------------------------=
[2013/10/25 22:25:44] [articles_controller.rb: 264]
vendor_list.size=0/a_tags_href.size=75
File size=31699------------------------=[end]

[begin]------------------------=
[2013/10/25 22:29:15] [C:/WORKS/WS/WS_Android_20130929_122122/JQM-1/app/controllers/articles_controller.rb: 374]
genre => int
File size=31875------------------------=[end]

[begin]------------------------=
[2013/10/25 22:29:15] [articles_controller.rb: 47]
genre=int
File size=32086------------------------=[end]

[begin]------------------------=
[2013/10/25 22:29:16] [articles_controller.rb: 264]
vendor_list.size=0/a_tags_href.size=75
File size=32232------------------------=[end]

[begin]------------------------=
[2013/10/25 22:29:35] [C:/WORKS/WS/WS_Android_20130929_122122/JQM-1/app/controllers/articles_controller.rb: 374]
genre => int
File size=32408------------------------=[end]

[begin]------------------------=
[2013/10/25 22:29:35] [articles_controller.rb: 47]
genre=int
File size=32619------------------------=[end]

[begin]------------------------=
[2013/10/25 22:29:36] [articles_controller.rb: 264]
vendor_list.size=0/a_tags_href.size=75
File size=32765------------------------=[end]

[begin]------------------------=
[2013/10/25 22:29:51] [C:/WORKS/WS/WS_Android_20130929_122122/JQM-1/app/controllers/articles_controller.rb: 374]
genre => int
File size=32941------------------------=[end]

[begin]------------------------=
[2013/10/25 22:29:51] [articles_controller.rb: 47]
genre=int
File size=33152------------------------=[end]

[begin]------------------------=
[2013/10/25 22:29:51] [articles_controller.rb: 264]
vendor_list.size=0/a_tags_href.size=75
File size=33298------------------------=[end]

[begin]------------------------=
[2013/10/25 22:31:22] [C:/WORKS/WS/WS_Android_20130929_122122/JQM-1/app/controllers/articles_controller.rb: 374]
genre => int
File size=33474------------------------=[end]

[begin]------------------------=
[2013/10/25 22:31:22] [articles_controller.rb: 47]
genre=int
File size=33685------------------------=[end]

[begin]------------------------=
[2013/10/25 22:31:23] [articles_controller.rb: 264]
vendor_list.size=0/a_tags_href.size=75
File size=33831------------------------=[end]

[begin]------------------------=
[2013/10/25 22:32:42] [C:/WORKS/WS/WS_Android_20130929_122122/JQM-1/app/controllers/articles_controller.rb: 374]
genre => int
File size=34007------------------------=[end]

[begin]------------------------=
[2013/10/25 22:32:42] [articles_controller.rb: 47]
genre=int
File size=34218------------------------=[end]

[begin]------------------------=
[2013/10/25 22:32:43] [articles_controller.rb: 264]
vendor_list.size=0/a_tags_href.size=75
File size=34364------------------------=[end]

